###############################################################################
#
# IAR C/C++ Compiler V7.12.1.987/W32 for MSP430           25/Apr/2019  15:00:55
# Copyright 1996-2018 IAR Systems AB.
# PC-locked license - IAR Embedded Workbench for Texas Instruments MSP430, 8K KickStart Edition 7.12
#
#    __rt_version  =  3
#    __double_size =  32
#    __reg_r4      =  free
#    __reg_r5      =  free
#    __pic         =  no
#    __core        =  430X
#    __data_model  =  small
#    __code_model  =  large
#    Source file   =  
#        C:\Users\Michael\Documents\2019\ECE 306\ECE-306_code\Project
#        10.1\serialPC.c
#    Command line  =  
#        -f C:\Users\Michael\AppData\Local\Temp\EWBF05.tmp
#        ("C:\Users\Michael\Documents\2019\ECE 306\ECE-306_code\Project
#        10.1\serialPC.c" -lC "C:\Users\Michael\Documents\2019\ECE
#        306\ECE-306_code\Project 10.1\Debug\List" -o
#        "C:\Users\Michael\Documents\2019\ECE 306\ECE-306_code\Project
#        10.1\Debug\Obj" --no_cse --no_unroll --no_inline --no_code_motion
#        --no_tbaa --debug -D__MSP430FR2355__ -e --double=32 --dlib_config
#        "C:\Program Files (x86)\IAR Systems\Embedded Workbench
#        8.0\430\lib\dlib\dl430xlsfn.h" -I ./\ --core=430X --data_model=small
#        -On --multiplier=32 --hw_workaround=CPU40 --code_model=large)
#    Locale        =  English_USA.1252
#    List file     =  
#        C:\Users\Michael\Documents\2019\ECE 306\ECE-306_code\Project
#        10.1\Debug\List\serialPC.lst
#    Object file   =  
#        C:\Users\Michael\Documents\2019\ECE 306\ECE-306_code\Project
#        10.1\Debug\Obj\serialPC.r43
#
###############################################################################

C:\Users\Michael\Documents\2019\ECE 306\ECE-306_code\Project 10.1\serialPC.c
      1          //------------------------------------------------------------------------------
      2          //
      3          //  Description: This file contains the functions to interpret the Serial 
      4          //  Communications fromt the PC
      5          //  
      6          //
      7          //  Michael Barilla
      8          //  Jan 2019
      9          //  Built with IAR Embedded Workbench Version: V4.10A/W32 (7.11.2)
     10          //------------------------------------------------------------------------------
     11          
     12          
     13          #include  "functions.h"
     14          #include  "msp430.h"
     15          #include <string.h>
     16          #include "macros.h"
     17          
     18            // Global Variables
     19          
     20          
     21          
     22          


 

 


Errors: none
Warnings: none
