###############################################################################
#
# IAR C/C++ Compiler V7.12.1.987/W32 for MSP430           10/Apr/2019  23:59:36
# Copyright 1996-2018 IAR Systems AB.
# PC-locked license - IAR Embedded Workbench for Texas Instruments MSP430, 8K KickStart Edition 7.12
#
#    __rt_version  =  3
#    __double_size =  32
#    __reg_r4      =  free
#    __reg_r5      =  free
#    __pic         =  no
#    __core        =  430X
#    __data_model  =  small
#    __code_model  =  large
#    Source file   =  
#        C:\Users\Michael\Documents\2019\ECE 306\ECE-306_code\Homework 09 -
#        copy\ports.c
#    Command line  =  
#        -f C:\Users\Michael\AppData\Local\Temp\EW10AB.tmp
#        ("C:\Users\Michael\Documents\2019\ECE 306\ECE-306_code\Homework 09 -
#        copy\ports.c" -lC "C:\Users\Michael\Documents\2019\ECE
#        306\ECE-306_code\Homework 09 - copy\Debug\List" -o
#        "C:\Users\Michael\Documents\2019\ECE 306\ECE-306_code\Homework 09 -
#        copy\Debug\Obj" --no_cse --no_unroll --no_inline --no_code_motion
#        --no_tbaa --debug -D__MSP430FR2355__ -e --double=32 --dlib_config
#        "C:\Program Files (x86)\IAR Systems\Embedded Workbench
#        8.0\430\lib\dlib\dl430xlsfn.h" -I ./\ --core=430X --data_model=small
#        -On --multiplier=32 --hw_workaround=CPU40 --code_model=large)
#    Locale        =  English_USA.1252
#    List file     =  
#        C:\Users\Michael\Documents\2019\ECE 306\ECE-306_code\Homework 09 -
#        copy\Debug\List\ports.lst
#    Object file   =  
#        C:\Users\Michael\Documents\2019\ECE 306\ECE-306_code\Homework 09 -
#        copy\Debug\Obj\ports.r43
#
###############################################################################

C:\Users\Michael\Documents\2019\ECE 306\ECE-306_code\Homework 09 - copy\ports.c
      1          //------------------------------------------------------------------------------
      2          //
      3          //  Description: This file contains the functions to initiate each of the ports 
      4          //  on the MSP430.
      5          //
      6          //  Michael Barilla
      7          //  Jan 2019
      8          //  Built with IAR Embedded Workbench Version: V4.10A/W32 (7.11.2)
      9          //------------------------------------------------------------------------------
     10          
     11          #include  "functions.h"
     12          #include  "msp430.h"

   \                                 In  segment DATA16_AN, at 0x202
   \   union <unnamed> _A_PAOUT_L
   \                     _A_PAOUT_L:
   \   000000                DS8 2

   \                                 In  segment DATA16_AN, at 0x204
   \   union <unnamed> _A_PADIR_L
   \                     _A_PADIR_L:
   \   000000                DS8 2

   \                                 In  segment DATA16_AN, at 0x206
   \   union <unnamed> _A_PAREN_L
   \                     _A_PAREN_L:
   \   000000                DS8 2

   \                                 In  segment DATA16_AN, at 0x20a
   \   union <unnamed> _A_PASEL0_L
   \                     _A_PASEL0_L:
   \   000000                DS8 2

   \                                 In  segment DATA16_AN, at 0x20c
   \   union <unnamed> _A_PASEL1_L
   \                     _A_PASEL1_L:
   \   000000                DS8 2

   \                                 In  segment DATA16_AN, at 0x218
   \   union <unnamed> _A_PAIES_L
   \                     _A_PAIES_L:
   \   000000                DS8 2

   \                                 In  segment DATA16_AN, at 0x21a
   \   union <unnamed> _A_PAIE_L
   \                     _A_PAIE_L:
   \   000000                DS8 2

   \                                 In  segment DATA16_AN, at 0x21c
   \   union <unnamed> _A_PAIFG_L
   \                     _A_PAIFG_L:
   \   000000                DS8 2

   \                                 In  segment DATA16_AN, at 0x222
   \   union <unnamed> _A_PBOUT_L
   \                     _A_PBOUT_L:
   \   000000                DS8 2

   \                                 In  segment DATA16_AN, at 0x224
   \   union <unnamed> _A_PBDIR_L
   \                     _A_PBDIR_L:
   \   000000                DS8 2

   \                                 In  segment DATA16_AN, at 0x226
   \   union <unnamed> _A_PBREN_L
   \                     _A_PBREN_L:
   \   000000                DS8 2

   \                                 In  segment DATA16_AN, at 0x22a
   \   union <unnamed> _A_PBSEL0_L
   \                     _A_PBSEL0_L:
   \   000000                DS8 2

   \                                 In  segment DATA16_AN, at 0x22c
   \   union <unnamed> _A_PBSEL1_L
   \                     _A_PBSEL1_L:
   \   000000                DS8 2

   \                                 In  segment DATA16_AN, at 0x238
   \   union <unnamed> _A_PBIES_L
   \                     _A_PBIES_L:
   \   000000                DS8 2

   \                                 In  segment DATA16_AN, at 0x23a
   \   union <unnamed> _A_PBIE_L
   \                     _A_PBIE_L:
   \   000000                DS8 2

   \                                 In  segment DATA16_AN, at 0x23c
   \   union <unnamed> _A_PBIFG_L
   \                     _A_PBIFG_L:
   \   000000                DS8 2

   \                                 In  segment DATA16_AN, at 0x242
   \   union <unnamed> _A_PCOUT_L
   \                     _A_PCOUT_L:
   \   000000                DS8 2

   \                                 In  segment DATA16_AN, at 0x244
   \   union <unnamed> _A_PCDIR_L
   \                     _A_PCDIR_L:
   \   000000                DS8 2

   \                                 In  segment DATA16_AN, at 0x246
   \   union <unnamed> _A_PCREN_L
   \                     _A_PCREN_L:
   \   000000                DS8 2

   \                                 In  segment DATA16_AN, at 0x24a
   \   union <unnamed> _A_PCSEL0_L
   \                     _A_PCSEL0_L:
   \   000000                DS8 2

   \                                 In  segment DATA16_AN, at 0x24c
   \   union <unnamed> _A_PCSEL1_L
   \                     _A_PCSEL1_L:
   \   000000                DS8 2

   \                                 In  segment DATA16_AN, at 0x386
   \   union <unnamed> _A_TB0CCTL2_L
   \                     _A_TB0CCTL2_L:
   \   000000                DS8 2
     13          #include "macros.h"
     14          
     15          extern unsigned int reset;
     16          

   \                                 In  segment CODE, align 2
     17          void Init_Ports(){      //Calls the rest of the initalization functions
   \                     Init_Ports:
     18            Init_Port1();
   \   000000   ........     CALLA   #Init_Port1
     19            Init_Port2();
   \   000004   ........     CALLA   #Init_Port2
     20            Init_Port3();
   \   000008   ........     CALLA   #Init_Port3
     21            Init_Port4();
   \   00000C   ........     CALLA   #Init_Port4
     22            Init_Port5();
   \   000010   ........     CALLA   #Init_Port5
     23            Init_Port6();
   \   000014   ........     BRA     #Init_Port6
     24          }
     25            
     26          //------------------------------------------------------------------------------
     27          //
     28          //  Michael Barilla
     29          //  Jan 2018
     30          //  Built with IAR Embedded Workbench Version: V4.10A/W32 (7.11.2)
     31          //
     32          //   Description: This function initalizes all of the pins on port 1
     33          //      Pin 0 - RED LED output
     34          //      Pin 1 - Unused SEEED Function Pin
     35          //      Pin 2 - Voltage Detect Left ADC
     36          //      Pin 3 - Voltage Detect Right ADC
     37          //      Pin 4 - Unused SEEED Function Pin
     38          //      Pin 5 - Voltage Thumb Function
     39          //      Pin 6 - UCA0TXD Function
     40          //      Pin 7 - UCA0RXD Function
     41          //
     42          //------------------------------------------------------------------------------

   \                                 In  segment CODE, align 2
     43          void Init_Port1() {     
   \                     Init_Port1:
     44            P1SEL1 = RESET;               //Set P1 Select 1 to Low
   \   000000   C2430C02     MOV.B   #0x0, &0x20c
     45            P1SEL0 = RESET;               //Set P1 Select 0 to Low
   \   000004   C2430A02     MOV.B   #0x0, &0x20a
     46            P1OUT = RESET;                //Set P1 Intial Value to Low
   \   000008   C2430202     MOV.B   #0x0, &0x202
     47            P1DIR = FULL;                 //Set P1 Direction to Output
   \   00000C   F2430402     MOV.B   #0xff, &0x204
     48            P1REN = RESET;                //Set P1 Resistor Enable to Low
   \   000010   C2430602     MOV.B   #0x0, &0x206
     49            
     50            P1SEL0 &= ~RED_LED;           //RED_LED GPIO operation (00)
   \   000014   D2C30A02     BIC.B   #0x1, &0x20a
     51            P1SEL1 &= ~RED_LED;           
   \   000018   D2C30C02     BIC.B   #0x1, &0x20c
     52            P1OUT &= ~RED_LED;            //Initial Value = 0 [OFF]
   \   00001C   D2C30202     BIC.B   #0x1, &0x202
     53            P1DIR |= RED_LED;             //Direction = Output
   \   000020   D2D30402     BIS.B   #0x1, &0x204
     54          
     55            P1SEL0 |= A1_SEEED;            //A1_SEEED Function Operation (11)
   \   000024   E2D30A02     BIS.B   #0x2, &0x20a
     56            P1SEL1 |= A1_SEEED;            
   \   000028   E2D30C02     BIS.B   #0x2, &0x20c
     57            
     58            P1SEL0 |= V_DETECT_L;         //V_DETECT_L Function Operation (11)
   \   00002C   E2D20A02     BIS.B   #0x4, &0x20a
     59            P1SEL1 |= V_DETECT_L;         
   \   000030   E2D20C02     BIS.B   #0x4, &0x20c
     60            
     61            P1SEL0 |= V_DETECT_R;         //V_DETECT_R Function Operation (11)
   \   000034   F2D20A02     BIS.B   #0x8, &0x20a
     62            P1SEL1 |= V_DETECT_R;         
   \   000038   F2D20C02     BIS.B   #0x8, &0x20c
     63            
     64            P1SEL0 |= A4_SEEED;           //A4_SEEED Function Operation (11)
   \   00003C   F2D010000A02 BIS.B   #0x10, &0x20a
     65            P1SEL1 |= A4_SEEED;           
   \   000042   F2D010000C02 BIS.B   #0x10, &0x20c
     66            
     67            P1SEL0 |= V_THUMB;            //V_THUMB Function Operation (11)
   \   000048   F2D020000A02 BIS.B   #0x20, &0x20a
     68            P1SEL1 |= V_THUMB;            
   \   00004E   F2D020000C02 BIS.B   #0x20, &0x20c
     69            
     70            P1SEL0 |= UCA0TXD;            //UCA0TXD Function Operation (01)
   \   000054   F2D080000A02 BIS.B   #0x80, &0x20a
     71            P1SEL1 &= ~UCA0TXD;           
   \   00005A   F2C080000C02 BIC.B   #0x80, &0x20c
     72            
     73            P1SEL0 |= UCA0RXD;            //UCA0RXD Function Operation (01)
   \   000060   F2D040000A02 BIS.B   #0x40, &0x20a
     74            P1SEL1 &= ~UCA0RXD;           
   \   000066   F2C040000C02 BIC.B   #0x40, &0x20c
     75          }
   \   00006C   1001         RETA
   \   00006E                REQUIRE _A_PASEL1_L
   \   00006E                REQUIRE _A_PASEL0_L
   \   00006E                REQUIRE _A_PAOUT_L
   \   00006E                REQUIRE _A_PADIR_L
   \   00006E                REQUIRE _A_PAREN_L
     76          
     77          //------------------------------------------------------------------------------
     78          //
     79          //  Michael Barilla
     80          //  Jan 2018
     81          //  Built with IAR Embedded Workbench Version: V4.10A/W32 (7.11.2)
     82          //
     83          //   Description: This function initalizes all of the pins on port 2
     84          //      Pin 0 - Unused GPIO
     85          //      Pin 1 - Unused GPIO
     86          //      Pin 2 - Unused GPIO
     87          //      Pin 3 - Pull up Switch 2
     88          //      Pin 4 - Unused GPIO
     89          //      Pin 5 - Unused GPIO
     90          //      Pin 6 - Low Frequency Clock Out
     91          //      Pin 7 - Low Frequency Clock In
     92          //
     93          //------------------------------------------------------------------------------

   \                                 In  segment CODE, align 2
     94          void Init_Port2(){ 
   \                     Init_Port2:
     95            P2SEL1 = RESET;               //Set P2 Select 1 to Low
   \   000000   C2430D02     MOV.B   #0x0, &0x20d
     96            P2SEL0 = RESET;               //Set P2 Select 0 to Low
   \   000004   C2430B02     MOV.B   #0x0, &0x20b
     97            P2OUT = RESET;                //Set P2 inital value to Low
   \   000008   C2430302     MOV.B   #0x0, &0x203
     98            P2DIR = FULL;                 //Set P2 direction to output
   \   00000C   F2430502     MOV.B   #0xff, &0x205
     99            P2REN = RESET;                //Set P2 Resistor Enable to Low
   \   000010   C2430702     MOV.B   #0x0, &0x207
    100            
    101            P2SEL0 &= ~P2_0;              //P2_0 GPIO operation (00)
   \   000014   D2C30B02     BIC.B   #0x1, &0x20b
    102            P2SEL1 &= ~P2_0;              
   \   000018   D2C30D02     BIC.B   #0x1, &0x20d
    103            P2DIR &= ~P2_0;               //Direction = input
   \   00001C   D2C30502     BIC.B   #0x1, &0x205
    104            
    105            P2SEL0 &= ~P2_1;              //P2_1 GPIO operation (00)
   \   000020   E2C30B02     BIC.B   #0x2, &0x20b
    106            P2SEL1 &= ~P2_1;              
   \   000024   E2C30D02     BIC.B   #0x2, &0x20d
    107            P2DIR &= ~P2_1;               //Direction = input 
   \   000028   E2C30502     BIC.B   #0x2, &0x205
    108            
    109            P2SEL0 &= ~P2_2;              //P2_2 GPIO operation (00)
   \   00002C   E2C20B02     BIC.B   #0x4, &0x20b
    110            P2SEL1 &= ~P2_2;              
   \   000030   E2C20D02     BIC.B   #0x4, &0x20d
    111            P2DIR &= ~P2_2;               //Direction = input
   \   000034   E2C20502     BIC.B   #0x4, &0x205
    112            
    113            P2SEL0 &= ~SW2;               //SW2 operation
   \   000038   F2C20B02     BIC.B   #0x8, &0x20b
    114            P2SEL1 &= ~SW2;               //SW2 operation
   \   00003C   F2C20D02     BIC.B   #0x8, &0x20d
    115            P2DIR &= ~SW2;                //Direction = input
   \   000040   F2C20502     BIC.B   #0x8, &0x205
    116            P2OUT |= SW2;                 //Configure pullup resistor
   \   000044   F2D20302     BIS.B   #0x8, &0x203
    117            P2REN |= SW2;                 //Enable pullup resistor
   \   000048   F2D20702     BIS.B   #0x8, &0x207
    118            P2IES |= SW2;                 //SW2 Hi/Lo edge interrupt
   \   00004C   F2D21902     BIS.B   #0x8, &0x219
    119            P2IFG &= ~SW2;                //Clear all SW2 inerrupt flags
   \   000050   F2C21D02     BIC.B   #0x8, &0x21d
    120            P2IE |= SW2;                  //SW2 interrupt enabled
   \   000054   F2D21B02     BIS.B   #0x8, &0x21b
    121            
    122            P2SEL0 &= ~P2_4;              //P2_4 GPIO operation (00)
   \   000058   F2C010000B02 BIC.B   #0x10, &0x20b
    123            P2SEL1 &= ~P2_4;              
   \   00005E   F2C010000D02 BIC.B   #0x10, &0x20d
    124            P2DIR &= ~P2_4;               //Direction = input
   \   000064   F2C010000502 BIC.B   #0x10, &0x205
    125            
    126            P2SEL0 &= ~P2_5;              //P2_5 GPIO operation (00)
   \   00006A   F2C020000B02 BIC.B   #0x20, &0x20b
    127            P2SEL1 &= ~P2_5;              
   \   000070   F2C020000D02 BIC.B   #0x20, &0x20d
    128            P2DIR &= ~P2_5;               //Diretion = input
   \   000076   F2C020000502 BIC.B   #0x20, &0x205
    129            
    130            P2SEL0 &= ~LFXOUT;            //LFXOUT Clock operation (10)
   \   00007C   F2C040000B02 BIC.B   #0x40, &0x20b
    131            P2SEL1 |= LFXOUT;             
   \   000082   F2D040000D02 BIS.B   #0x40, &0x20d
    132            
    133            P2SEL0 &= ~LFXIN;             //LFXIN Clock operation (10)
   \   000088   F2C080000B02 BIC.B   #0x80, &0x20b
    134            P2SEL1 |= LFXIN;              
   \   00008E   F2D080000D02 BIS.B   #0x80, &0x20d
    135           //-----------------------------------------------------------------------------
    136          }
   \   000094   1001         RETA
   \   000096                REQUIRE _A_PASEL1_L
   \   000096                REQUIRE _A_PASEL0_L
   \   000096                REQUIRE _A_PAOUT_L
   \   000096                REQUIRE _A_PADIR_L
   \   000096                REQUIRE _A_PAREN_L
   \   000096                REQUIRE _A_PAIES_L
   \   000096                REQUIRE _A_PAIFG_L
   \   000096                REQUIRE _A_PAIE_L
    137          
    138          //------------------------------------------------------------------------------
    139          //
    140          //  Michael Barilla
    141          //  Jan 2018
    142          //  Built with IAR Embedded Workbench Version: V4.10A/W32 (7.11.2)
    143          //
    144          //   Description: This function initalizes all of the pins on port 3
    145          //      Pin 0 - Test Probe Input
    146          //      Pin 1 - OA20 Function
    147          //      Pin 2 - OA2 Neg Function
    148          //      Pin 3 - OA2 Pos Function
    149          //      Pin 4 - SM Clock Output
    150          //      Pin 5 - Unused GPIO
    151          //      Pin 6 - IOT Link
    152          //      Pin 7 - Unused GPIO
    153          //
    154          //------------------------------------------------------------------------------

   \                                 In  segment CODE, align 2
    155          void Init_Port3(){             
   \                     Init_Port3:
    156            P3SEL1 = RESET;               //Set P3 Select 1 to Low
   \   000000   C2432C02     MOV.B   #0x0, &0x22c
    157            P3SEL0 = RESET;               //Set P3 Select 0 to Low
   \   000004   C2432A02     MOV.B   #0x0, &0x22a
    158            P3OUT = RESET;                //Set P3 Initial Value to Low
   \   000008   C2432202     MOV.B   #0x0, &0x222
    159            P3DIR = FULL;                 //Set P3 Direction to Output
   \   00000C   F2432402     MOV.B   #0xff, &0x224
    160            P3REN = RESET;                //Set P3 Resistor Enable to Low
   \   000010   C2432602     MOV.B   #0x0, &0x226
    161            
    162            P3SEL0 &= ~TEST_PROBE;        //TEST_PROBE GPIO Operation (00)
   \   000014   D2C32A02     BIC.B   #0x1, &0x22a
    163            P3SEL1 &= ~TEST_PROBE;
   \   000018   D2C32C02     BIC.B   #0x1, &0x22c
    164            P3DIR |= TEST_PROBE;          //Direction = Output
   \   00001C   D2D32402     BIS.B   #0x1, &0x224
    165            
    166            P3SEL0 |= OA20;               //Function Operation (11)
   \   000020   E2D32A02     BIS.B   #0x2, &0x22a
    167            P3SEL1 |= OA20;       
   \   000024   E2D32C02     BIS.B   #0x2, &0x22c
    168            
    169            P3SEL0 |= OA2N;               //Function Operation (11)
   \   000028   E2D22A02     BIS.B   #0x4, &0x22a
    170            P3SEL1 |= OA2N;       
   \   00002C   E2D22C02     BIS.B   #0x4, &0x22c
    171            
    172            P3SEL0 |= OA2P;               //Function Operation (11)
   \   000030   F2D22A02     BIS.B   #0x8, &0x22a
    173            P3SEL1 |= OA2P;       
   \   000034   F2D22C02     BIS.B   #0x8, &0x22c
    174            
    175            P3SEL0 |= SMCLK_OUT;          //Function Operation (01)
   \   000038   F2D010002A02 BIS.B   #0x10, &0x22a
    176            P3SEL1 &= ~SMCLK_OUT; 
   \   00003E   F2C010002C02 BIC.B   #0x10, &0x22c
    177            
    178            P3SEL0 &= ~P3_5;              //GPIO Operation (00)
   \   000044   F2C020002A02 BIC.B   #0x20, &0x22a
    179            P3SEL1 &= ~P3_5;
   \   00004A   F2C020002C02 BIC.B   #0x20, &0x22c
    180            P3DIR &= ~P3_5;               //Sets Direction to Input
   \   000050   F2C020002402 BIC.B   #0x20, &0x224
    181          
    182            P3SEL0 &= ~IOT_LINK;          //GPIO Operation (00)
   \   000056   F2C040002A02 BIC.B   #0x40, &0x22a
    183            P3SEL1 &= ~IOT_LINK;  
   \   00005C   F2C040002C02 BIC.B   #0x40, &0x22c
    184            P3DIR &= ~IOT_LINK;           //Sets Direction to Input
   \   000062   F2C040002402 BIC.B   #0x40, &0x224
    185            
    186            P3SEL0 &= ~P3_7;              //GPIO Operation (00)
   \   000068   F2C080002A02 BIC.B   #0x80, &0x22a
    187            P3SEL1 &= ~P3_7;      
   \   00006E   F2C080002C02 BIC.B   #0x80, &0x22c
    188            P3DIR &= ~IOT_LINK;           //Sets Direction to Input
   \   000074   F2C040002402 BIC.B   #0x40, &0x224
    189          }
   \   00007A   1001         RETA
   \   00007C                REQUIRE _A_PBSEL1_L
   \   00007C                REQUIRE _A_PBSEL0_L
   \   00007C                REQUIRE _A_PBOUT_L
   \   00007C                REQUIRE _A_PBDIR_L
   \   00007C                REQUIRE _A_PBREN_L
    190          
    191          //------------------------------------------------------------------------------
    192          //
    193          //  Michael Barilla
    194          //  Jan 2018
    195          //  Built with IAR Embedded Workbench Version: V4.10A/W32 (7.11.2)
    196          //
    197          //   Description: This function initalizes all of the pins on port 4
    198          //      Pin 0 - Reset the LCD 
    199          //      Pin 1 - Pull up Switch 1
    200          //      Pin 2 - UCA1RXD Function
    201          //      Pin 3 - UCA1TXD Function
    202          //      Pin 4 - UCB1_CS_LCD GPIO Pin
    203          //      Pin 5 - UCB1CLK Function
    204          //      Pin 6 - UCB1SIMO Function
    205          //      Pin 7 - UCB1SOMI Function
    206          //
    207          //------------------------------------------------------------------------------

   \                                 In  segment CODE, align 2
    208          void Init_Port4(){             
   \                     Init_Port4:
    209            P4SEL0 = RESET;               //Set P4 Select 0 to Low
   \   000000   C2432B02     MOV.B   #0x0, &0x22b
    210            P4SEL1 = RESET;               //Set P4 Select 1 to Low
   \   000004   C2432D02     MOV.B   #0x0, &0x22d
    211            P4OUT = RESET;                //Set P4 Inital Value to Low
   \   000008   C2432302     MOV.B   #0x0, &0x223
    212            P4DIR = FULL;                 //Set P4 Direction to Output
   \   00000C   F2432502     MOV.B   #0xff, &0x225
    213            P4REN = RESET;                //Set P Resistor Enable to Low
   \   000010   C2432702     MOV.B   #0x0, &0x227
    214            
    215            P4SEL0 &= ~RESET_LCD;         //RESET_LCD GPIO Operation (00)
   \   000014   D2C32B02     BIC.B   #0x1, &0x22b
    216            P4SEL1 &= ~RESET_LCD;
   \   000018   D2C32D02     BIC.B   #0x1, &0x22d
    217            P4OUT &= ~RESET_LCD;          //Initial Value to 0
   \   00001C   D2C32302     BIC.B   #0x1, &0x223
    218            P4DIR |= RESET_LCD;           //Direction = Input
   \   000020   D2D32502     BIS.B   #0x1, &0x225
    219            
    220            P4SEL0 &= ~SW1;               //SW1 operation (00)
   \   000024   E2C32B02     BIC.B   #0x2, &0x22b
    221            P4SEL1 &= ~SW1;      
   \   000028   E2C32D02     BIC.B   #0x2, &0x22d
    222            P4DIR &= ~SW1;                //Direction = input
   \   00002C   E2C32502     BIC.B   #0x2, &0x225
    223            P4OUT |= SW1;                 //Configure pullup resistor
   \   000030   E2D32302     BIS.B   #0x2, &0x223
    224            P4REN |= SW1;                 //Enable pullup resistor
   \   000034   E2D32702     BIS.B   #0x2, &0x227
    225            P4IES |= SW1;                 //SW1 Hi/Lo edge interrupt
   \   000038   E2D33902     BIS.B   #0x2, &0x239
    226            P4IFG &= ~SW1;                //Clear all Sw1 inerrupt flags
   \   00003C   E2C33D02     BIC.B   #0x2, &0x23d
    227            P4IE |= SW1;                  //Sw1 interrupt enabled
   \   000040   E2D33B02     BIS.B   #0x2, &0x23b
    228            
    229            P4SEL0 |= UCA1RXD;            //UCA1RXD Function Operation (01)
   \   000044   E2D22B02     BIS.B   #0x4, &0x22b
    230            P4SEL1 &= ~UCA1RXD;   
   \   000048   E2C22D02     BIC.B   #0x4, &0x22d
    231            
    232            P4SEL0 |= UCA1TXD;            //UCA1TXD Function Operation (01)
   \   00004C   F2D22B02     BIS.B   #0x8, &0x22b
    233            P4SEL1 &= ~UCA1TXD;  
   \   000050   F2C22D02     BIC.B   #0x8, &0x22d
    234            
    235            P4SEL0 &= ~UCB1_CS_LCD;       //GPIO Operation (00)
   \   000054   F2C010002B02 BIC.B   #0x10, &0x22b
    236            P4SEL1 &= ~UCB1_CS_LCD;
   \   00005A   F2C010002D02 BIC.B   #0x10, &0x22d
    237            P4OUT &= ~UCB1_CS_LCD;        //Initial Value = 0
   \   000060   F2C010002302 BIC.B   #0x10, &0x223
    238            P4DIR |= UCB1_CS_LCD;         //Direction = Input
   \   000066   F2D010002502 BIS.B   #0x10, &0x225
    239            
    240            P4SEL0 |= UCB1CLK;            //UCB1CLK Function Operation (01)
   \   00006C   F2D020002B02 BIS.B   #0x20, &0x22b
    241            P4SEL1 &= ~UCB1CLK;   
   \   000072   F2C020002D02 BIC.B   #0x20, &0x22d
    242            
    243            P4SEL0 |= UCB1SIMO;            //UCB1SIMO Function Operation (01)
   \   000078   F2D040002B02 BIS.B   #0x40, &0x22b
    244            P4SEL1 &= ~UCB1SIMO;           
   \   00007E   F2C040002D02 BIC.B   #0x40, &0x22d
    245            
    246            P4SEL0 |= UCB1SOMI;           //UCB1SOMI Function Operation (01)
   \   000084   F2D080002B02 BIS.B   #0x80, &0x22b
    247            P4SEL1 &= ~UCB1SOMI;  
   \   00008A   F2C080002D02 BIC.B   #0x80, &0x22d
    248          }
   \   000090   1001         RETA
   \   000092                REQUIRE _A_PBSEL0_L
   \   000092                REQUIRE _A_PBSEL1_L
   \   000092                REQUIRE _A_PBOUT_L
   \   000092                REQUIRE _A_PBDIR_L
   \   000092                REQUIRE _A_PBREN_L
   \   000092                REQUIRE _A_PBIES_L
   \   000092                REQUIRE _A_PBIFG_L
   \   000092                REQUIRE _A_PBIE_L
    249          
    250          //------------------------------------------------------------------------------
    251          //
    252          //  Michael Barilla
    253          //  Jan 2018
    254          //  Built with IAR Embedded Workbench Version: V4.10A/W32 (7.11.2)
    255          //
    256          //   Description: This function initalizes all of the pins on port 5
    257          //      Pin 0 - Reset IOT
    258          //      Pin 1 - Unused GPIO
    259          //      Pin 2 - IOT Program Selector
    260          //      Pin 3 - IOT Program Mode
    261          //      Pin 4 - InfraRed LED
    262          //
    263          //------------------------------------------------------------------------------

   \                                 In  segment CODE, align 2
    264          void Init_Port5(){ 
   \                     Init_Port5:
    265            P5SEL0 = RESET;               //Set P5 Select 0 to Low
   \   000000   C2434A02     MOV.B   #0x0, &0x24a
    266            P5SEL1 = RESET;               //Set P5 Select 1 to Low
   \   000004   C2434C02     MOV.B   #0x0, &0x24c
    267            P5OUT = RESET;                //Set P5 Initial Value Low
   \   000008   C2434202     MOV.B   #0x0, &0x242
    268            P5DIR = FULL;                 //Set P5 Direction to Output
   \   00000C   F2434402     MOV.B   #0xff, &0x244
    269            P5REN = RESET;                //SET P5 Resistor Enable to Low
   \   000010   C2434602     MOV.B   #0x0, &0x246
    270            
    271            P5SEL0 &= ~IOT_RESET;         //IOT_RESET GPIO Operation (00)
   \   000014   D2C34A02     BIC.B   #0x1, &0x24a
    272            P5SEL1 &= ~IOT_RESET;         
   \   000018   D2C34C02     BIC.B   #0x1, &0x24c
    273            P5OUT &= ~IOT_RESET;          //Initial Value = 0
   \   00001C   D2C34202     BIC.B   #0x1, &0x242
    274            reset = HIGH;                 //Enable Reset
   \   000020   9243....     MOV.W   #0x1, &reset
    275            TB0CCTL2 &= ~CCIFG;           //Start Timer
   \   000024   92C38603     BIC.W   #0x1, &0x386
    276            TB0CCTL2 |= CCIE;
   \   000028   B2D010008603 BIS.W   #0x10, &0x386
    277            P5DIR |= IOT_RESET;           //Direction = Output
   \   00002E   D2D34402     BIS.B   #0x1, &0x244
    278            
    279            P5SEL0 &= ~P5_1;              //P5_1 GPIO Operation (00)
   \   000032   E2C34A02     BIC.B   #0x2, &0x24a
    280            P5SEL1 &= ~P5_1;              
   \   000036   E2C34C02     BIC.B   #0x2, &0x24c
    281            P5DIR &= ~P5_1;               //Direction = Input
   \   00003A   E2C34402     BIC.B   #0x2, &0x244
    282            
    283            P5SEL0 &= ~IOT_PROG_SEL;      //IOT_PROG_SEL GPIO Operation (00)
   \   00003E   E2C24A02     BIC.B   #0x4, &0x24a
    284            P5SEL1 &= ~IOT_PROG_SEL;      
   \   000042   E2C24C02     BIC.B   #0x4, &0x24c
    285            P5DIR &= ~IOT_PROG_SEL;       //Direction = Input
   \   000046   E2C24402     BIC.B   #0x4, &0x244
    286            
    287            P5SEL0 &= ~IOT_PROG_MODE;      //IOT_PROG_MODE GPIO Operation (00)
   \   00004A   F2C24A02     BIC.B   #0x8, &0x24a
    288            P5SEL1 &= ~IOT_PROG_MODE;
   \   00004E   F2C24C02     BIC.B   #0x8, &0x24c
    289            P5DIR &= ~IOT_PROG_MODE;      //Direction = Input
   \   000052   F2C24402     BIC.B   #0x8, &0x244
    290            
    291            P5SEL0 &= ~IR_LED;            //IR_LED mode GPIO operation (00)
   \   000056   F2C010004A02 BIC.B   #0x10, &0x24a
    292            P5SEL1 &= ~IR_LED;
   \   00005C   F2C010004C02 BIC.B   #0x10, &0x24c
    293            P5OUT &= ~IR_LED;             //Initial value = LOW
   \   000062   F2C010004202 BIC.B   #0x10, &0x242
    294            P5DIR |= IR_LED;              //Direction = Output
   \   000068   F2D010004402 BIS.B   #0x10, &0x244
    295            
    296            
    297            
    298          }
   \   00006E   1001         RETA
   \   000070                REQUIRE _A_PCSEL0_L
   \   000070                REQUIRE _A_PCSEL1_L
   \   000070                REQUIRE _A_PCOUT_L
   \   000070                REQUIRE _A_PCDIR_L
   \   000070                REQUIRE _A_PCREN_L
   \   000070                REQUIRE _A_TB0CCTL2_L
    299          
    300          //------------------------------------------------------------------------------
    301          //
    302          //  Michael Barilla
    303          //  Jan 2018
    304          //  Built with IAR Embedded Workbench Version: V4.10A/W32 (7.11.2)
    305          //
    306          //   Description: This function initalizes all of the pins on port 5
    307          //      Pin 0 - Right Motor Forward Output
    308          //      Pin 1 - Left Motor Forward Output
    309          //      Pin 2 - Right Motor Reverse Output 
    310          //      Pin 3 - Left Motor Reverse Output
    311          //      Pin 4 - LCD Backlight
    312          //      Pin 5 - Unsued GPIO
    313          //      Pin 6 - Green LED output
    314          //
    315          //------------------------------------------------------------------------------

   \                                 In  segment CODE, align 2
    316          void Init_Port6(){ 
   \                     Init_Port6:
    317            P6SEL0 = RESET;               //Set P6 Select 0 to Low
   \   000000   C2434B02     MOV.B   #0x0, &0x24b
    318            P6SEL1 = RESET;               //Set P6 Select 1 to Low
   \   000004   C2434D02     MOV.B   #0x0, &0x24d
    319            P6OUT = RESET;                //Set P6 Initial Value Low
   \   000008   C2434302     MOV.B   #0x0, &0x243
    320            P6DIR = FULL;                 //Set P6 Direction to Output
   \   00000C   F2434502     MOV.B   #0xff, &0x245
    321            P6REN = RESET;                //SET P6 Resistor Enable to Low
   \   000010   C2434702     MOV.B   #0x0, &0x247
    322            
    323            P6SEL0 |= R_FORWARD;         //R_FORWARD Function Operation (01)
   \   000014   D2D34B02     BIS.B   #0x1, &0x24b
    324            P6SEL1 &=~ R_FORWARD;
   \   000018   D2C34D02     BIC.B   #0x1, &0x24d
    325            //P6OUT &= ~R_FORWARD;          //Initial Value = 0
    326            P6DIR |= R_FORWARD;           //Direction = Output
   \   00001C   D2D34502     BIS.B   #0x1, &0x245
    327            
    328            P6SEL0 |= L_FORWARD;         //L_FORWARD Function Operation (01)
   \   000020   E2D34B02     BIS.B   #0x2, &0x24b
    329            P6SEL1 &= ~L_FORWARD;         
   \   000024   E2C34D02     BIC.B   #0x2, &0x24d
    330            //P6OUT &= ~L_FORWARD;          //Initial Value = 0
    331            P6DIR |= L_FORWARD;           //Direction = Output
   \   000028   E2D34502     BIS.B   #0x2, &0x245
    332            
    333            P6SEL0 |= R_REVERSE;         //R_REVERSE Function Operation (01)
   \   00002C   E2D24B02     BIS.B   #0x4, &0x24b
    334            P6SEL1 &= ~R_REVERSE;
   \   000030   E2C24D02     BIC.B   #0x4, &0x24d
    335            //P6OUT &= ~R_REVERSE;          //Initial Value = 0
    336            P6DIR |= R_REVERSE;           //Direction 1
   \   000034   E2D24502     BIS.B   #0x4, &0x245
    337            
    338            P6SEL0 |= L_REVERSE;         //L_REVERSE Function Operation (01)
   \   000038   F2D24B02     BIS.B   #0x8, &0x24b
    339            P6SEL1 &= ~L_REVERSE;         
   \   00003C   F2C24D02     BIC.B   #0x8, &0x24d
    340            //P6OUT &= ~L_REVERSE;          //Initial Value = 0
    341            P6DIR |= L_REVERSE;           //Direction 1
   \   000040   F2D24502     BIS.B   #0x8, &0x245
    342            
    343            P6SEL0 &= ~LCD_BACKLITE;      //LCD_BACKLITE GPIO Operation (00)
   \   000044   F2C010004B02 BIC.B   #0x10, &0x24b
    344            P6SEL1 &= ~LCD_BACKLITE;
   \   00004A   F2C010004D02 BIC.B   #0x10, &0x24d
    345            P6OUT &= ~LCD_BACKLITE;       //Initial Value = 1
   \   000050   F2C010004302 BIC.B   #0x10, &0x243
    346            P6DIR |= LCD_BACKLITE;        //Direction = Output
   \   000056   F2D010004502 BIS.B   #0x10, &0x245
    347            
    348            P6SEL0 &= ~P6_5;              //P6_5 GPIO Operation (00)
   \   00005C   F2C020004B02 BIC.B   #0x20, &0x24b
    349            P6SEL1 &= ~P6_5;              
   \   000062   F2C020004D02 BIC.B   #0x20, &0x24d
    350            P6DIR &= ~P6_5;               //Direction = Output
   \   000068   F2C020004502 BIC.B   #0x20, &0x245
    351            
    352            P6SEL0 &= ~GRN_LED;           //GRN_LED GPIO Operation (00)
   \   00006E   F2C040004B02 BIC.B   #0x40, &0x24b
    353            P6SEL1 &= ~GRN_LED;
   \   000074   F2C040004D02 BIC.B   #0x40, &0x24d
    354            P6OUT &= ~GRN_LED;            //Initial Value = 0
   \   00007A   F2C040004302 BIC.B   #0x40, &0x243
    355            P6DIR |= GRN_LED;             //Direction Output  
   \   000080   F2D040004502 BIS.B   #0x40, &0x245
    356            
    357          }
   \   000086   1001         RETA
   \   000088                REQUIRE _A_PCSEL0_L
   \   000088                REQUIRE _A_PCSEL1_L
   \   000088                REQUIRE _A_PCOUT_L
   \   000088                REQUIRE _A_PCDIR_L
   \   000088                REQUIRE _A_PCREN_L
    358          
    359          

   \                                 In  segment CODE, align 2
    360          void wheelControl(int Direction){
   \                     wheelControl:
    361            if (Direction){
   \   000000   0C93         CMP.W   #0x0, R12
   \   000002   2124         JEQ     ??wheelControl_0
    362              //GPIO
    363                P6SEL0 &= ~ R_FORWARD;         //R_FORWARD Function Operation (00)
   \   000004   D2C34B02     BIC.B   #0x1, &0x24b
    364                P6SEL1 &=~ R_FORWARD;
   \   000008   D2C34D02     BIC.B   #0x1, &0x24d
    365                P6OUT &= ~R_FORWARD;          //Initial Value = 0
   \   00000C   D2C34302     BIC.B   #0x1, &0x243
    366                P6DIR |= R_FORWARD;           //Direction = Output
   \   000010   D2D34502     BIS.B   #0x1, &0x245
    367                
    368                P6SEL0 &= ~ L_FORWARD;         //L_FORWARD Function Operation (00)
   \   000014   E2C34B02     BIC.B   #0x2, &0x24b
    369                P6SEL1 &= ~L_FORWARD;         
   \   000018   E2C34D02     BIC.B   #0x2, &0x24d
    370                P6OUT &= ~L_FORWARD;          //Initial Value = 0
   \   00001C   E2C34302     BIC.B   #0x2, &0x243
    371                P6DIR |= L_FORWARD;           //Direction = Output
   \   000020   E2D34502     BIS.B   #0x2, &0x245
    372                
    373                P6SEL0 &= ~ R_REVERSE;         //R_REVERSE Function Operation (00)
   \   000024   E2C24B02     BIC.B   #0x4, &0x24b
    374                P6SEL1 &= ~R_REVERSE;
   \   000028   E2C24D02     BIC.B   #0x4, &0x24d
    375                P6OUT &= ~R_REVERSE;          //Initial Value = 0
   \   00002C   E2C24302     BIC.B   #0x4, &0x243
    376                P6DIR |= R_REVERSE;           //Direction 1
   \   000030   E2D24502     BIS.B   #0x4, &0x245
    377                
    378                P6SEL0 &= ~L_REVERSE;         //L_REVERSE Function Operation (00)
   \   000034   F2C24B02     BIC.B   #0x8, &0x24b
    379                P6SEL1 &= ~L_REVERSE;         
   \   000038   F2C24D02     BIC.B   #0x8, &0x24d
    380                P6OUT &= ~L_REVERSE;          //Initial Value = 0
   \   00003C   F2C24302     BIC.B   #0x8, &0x243
    381                P6DIR |= L_REVERSE;           //Direction 1
   \   000040   F2D24502     BIS.B   #0x8, &0x245
   \   000044   1001         RETA
    382            }
    383            else {
    384              //PWM
    385                P6SEL0 |= R_FORWARD;         //R_FORWARD Function Operation (01)
   \                     ??wheelControl_0:
   \   000046   D2D34B02     BIS.B   #0x1, &0x24b
    386                P6SEL1 &=~ R_FORWARD;
   \   00004A   D2C34D02     BIC.B   #0x1, &0x24d
    387                P6OUT &= ~R_FORWARD;          //Initial Value = 0
   \   00004E   D2C34302     BIC.B   #0x1, &0x243
    388                P6DIR |= R_FORWARD;           //Direction = Output
   \   000052   D2D34502     BIS.B   #0x1, &0x245
    389                
    390                P6SEL0 |= L_FORWARD;         //L_FORWARD Function Operation (01)
   \   000056   E2D34B02     BIS.B   #0x2, &0x24b
    391                P6SEL1 &= ~L_FORWARD;         
   \   00005A   E2C34D02     BIC.B   #0x2, &0x24d
    392                P6OUT &= ~L_FORWARD;          //Initial Value = 0
   \   00005E   E2C34302     BIC.B   #0x2, &0x243
    393                P6DIR |= L_FORWARD;           //Direction = Output
   \   000062   E2D34502     BIS.B   #0x2, &0x245
    394                
    395                P6SEL0 |= R_REVERSE;         //R_REVERSE Function Operation (01)
   \   000066   E2D24B02     BIS.B   #0x4, &0x24b
    396                P6SEL1 &= ~R_REVERSE;
   \   00006A   E2C24D02     BIC.B   #0x4, &0x24d
    397                P6OUT &= ~R_REVERSE;          //Initial Value = 0
   \   00006E   E2C24302     BIC.B   #0x4, &0x243
    398                P6DIR |= R_REVERSE;           //Direction 1
   \   000072   E2D24502     BIS.B   #0x4, &0x245
    399                
    400                P6SEL0 |= L_REVERSE;         //L_REVERSE Function Operation (01)
   \   000076   F2D24B02     BIS.B   #0x8, &0x24b
    401                P6SEL1 &= ~L_REVERSE;         
   \   00007A   F2C24D02     BIC.B   #0x8, &0x24d
    402                P6OUT &= ~L_REVERSE;          //Initial Value = 0
   \   00007E   F2C24302     BIC.B   #0x8, &0x243
    403                P6DIR |= L_REVERSE;           //Direction 1
   \   000082   F2D24502     BIS.B   #0x8, &0x245
    404            }
    405               
    406          }  
   \   000086   1001         RETA
   \   000088                REQUIRE _A_PCSEL0_L
   \   000088                REQUIRE _A_PCSEL1_L
   \   000088                REQUIRE _A_PCOUT_L
   \   000088                REQUIRE _A_PCDIR_L
    407          

   \                                 In  segment CODE, align 2
    408          void IOT_Reset(void){
   \                     IOT_Reset:
    409            if(reset){
   \   000000   8293....     CMP.W   #0x0, &reset
   \   000004   0324         JEQ     ??IOT_Reset_0
    410              P5OUT &= ~IOT_RESET;          //Reset Device
   \   000006   D2C34202     BIC.B   #0x1, &0x242
   \   00000A   1001         RETA
    411            }
    412            else{
    413              P5OUT |= IOT_RESET;                // Stop Reset   
   \                     ??IOT_Reset_0:
   \   00000C   D2D34202     BIS.B   #0x1, &0x242
    414              TB0CCTL2 &= ~CCIFG; 
   \   000010   92C38603     BIC.W   #0x1, &0x386
    415              TB0CCTL2 &= ~CCIE;
   \   000014   B2C010008603 BIC.W   #0x10, &0x386
    416            }
    417          }
   \   00001A   1001         RETA
   \   00001C                REQUIRE _A_PCOUT_L
   \   00001C                REQUIRE _A_TB0CCTL2_L
    418            

   Maximum stack usage in bytes:

   CSTACK Function
   ------ --------
      4   IOT_Reset
      4   Init_Port1
      4   Init_Port2
      4   Init_Port3
      4   Init_Port4
      4   Init_Port5
      4   Init_Port6
      4   Init_Ports
        4   -> Init_Port1
        4   -> Init_Port2
        4   -> Init_Port3
        4   -> Init_Port4
        4   -> Init_Port5
        0   -> Init_Port6
      4   wheelControl


   Segment part sizes:

   Bytes  Function/Label
   -----  --------------
      28  IOT_Reset
     110  Init_Port1
     150  Init_Port2
     124  Init_Port3
     146  Init_Port4
     112  Init_Port5
     136  Init_Port6
      24  Init_Ports
       2  _A_PADIR_L
       2  _A_PAIES_L
       2  _A_PAIE_L
       2  _A_PAIFG_L
       2  _A_PAOUT_L
       2  _A_PAREN_L
       2  _A_PASEL0_L
       2  _A_PASEL1_L
       2  _A_PBDIR_L
       2  _A_PBIES_L
       2  _A_PBIE_L
       2  _A_PBIFG_L
       2  _A_PBOUT_L
       2  _A_PBREN_L
       2  _A_PBSEL0_L
       2  _A_PBSEL1_L
       2  _A_PCDIR_L
       2  _A_PCOUT_L
       2  _A_PCREN_L
       2  _A_PCSEL0_L
       2  _A_PCSEL1_L
       2  _A_TB0CCTL2_L
     136  wheelControl

 
 966 bytes in segment CODE
  44 bytes in segment DATA16_AN
 
 966 bytes of CODE memory
   0 bytes of DATA memory (+ 44 bytes shared)

Errors: none
Warnings: none
