###############################################################################
#
# IAR C/C++ Compiler V7.12.1.987/W32 for MSP430           17/Mar/2019  12:07:59
# Copyright 1996-2018 IAR Systems AB.
# PC-locked license - IAR Embedded Workbench for Texas Instruments MSP430, 8K KickStart Edition 7.12
#
#    __rt_version  =  3
#    __double_size =  32
#    __reg_r4      =  free
#    __reg_r5      =  free
#    __pic         =  no
#    __core        =  430X
#    __data_model  =  small
#    __code_model  =  large
#    Source file   =  
#        C:\Users\Michael\Documents\2019\ECE 306\ECE-306_code\Project 06\main.c
#    Command line  =  
#        -f C:\Users\Michael\AppData\Local\Temp\EW6CC0.tmp
#        ("C:\Users\Michael\Documents\2019\ECE 306\ECE-306_code\Project
#        06\main.c" -lC "C:\Users\Michael\Documents\2019\ECE
#        306\ECE-306_code\Project 06\Debug\List" -o
#        "C:\Users\Michael\Documents\2019\ECE 306\ECE-306_code\Project
#        06\Debug\Obj" --no_cse --no_unroll --no_inline --no_code_motion
#        --no_tbaa --debug -D__MSP430FR2355__ -e --double=32 --dlib_config
#        "C:\Program Files (x86)\IAR Systems\Embedded Workbench
#        8.0\430\lib\dlib\dl430xlsfn.h" -I ./\ --core=430X --data_model=small
#        -On --multiplier=32 --hw_workaround=CPU40 --code_model=large)
#    Locale        =  English_USA.1252
#    List file     =  
#        C:\Users\Michael\Documents\2019\ECE 306\ECE-306_code\Project
#        06\Debug\List\main.lst
#    Object file   =  
#        C:\Users\Michael\Documents\2019\ECE 306\ECE-306_code\Project
#        06\Debug\Obj\main.r43
#
###############################################################################

C:\Users\Michael\Documents\2019\ECE 306\ECE-306_code\Project 06\main.c
      1          //------------------------------------------------------------------------------
      2          //
      3          //  Description: This file contains the Main Routine - "While" Operating System
      4          //
      5          //
      6          //  Jim Carlson
      7          //  Jan 2018
      8          //  Built with IAR Embedded Workbench Version: V4.10A/W32 (7.11.2)
      9          //------------------------------------------------------------------------------
     10          
     11          #include  "functions.h"
     12          #include  "msp430.h"

   \                                 In  segment DATA16_AN, at 0x202
   \   union <unnamed> _A_PAOUT_L
   \                     _A_PAOUT_L:
   \   000000                DS8 2

   \                                 In  segment DATA16_AN, at 0x242
   \   union <unnamed> _A_PCOUT_L
   \                     _A_PCOUT_L:
   \   000000                DS8 2

   \                                 In  segment DATA16_AN, at 0x130
   \   union <unnamed> _A_PM5CTL0_L
   \                     _A_PM5CTL0_L:
   \   000000                DS8 2
     13          #include <string.h>
     14          #include "macros.h"
     15          
     16            // Global Variables

   \                                 In  segment DATA16_Z, align 1, align-sorted
   \   000000                REQUIRE ?cstart_init_zero
     17          volatile char slow_input_down;
   \                     slow_input_down:
   \   000000                DS8 1
     18          extern char display_line[FOURTH][COUNT_ELEVEN];
     19          extern char *display[FOURTH];

   \                                 In  segment DATA16_Z, align 1, align-sorted
   \   000000                REQUIRE ?cstart_init_zero
     20          unsigned char display_mode;
   \                     display_mode:
   \   000000                DS8 1
     21          extern volatile unsigned char display_changed;
     22          extern volatile unsigned char update_display;
     23          extern volatile unsigned int update_display_count;
     24          extern volatile unsigned int Time_Sequence;
     25          extern volatile char one_time;

   \                                 In  segment DATA16_Z, align 2, align-sorted
   \   000000                REQUIRE ?cstart_init_zero
     26          unsigned int test_value;
   \                     test_value:
   \   000000                DS8 2

   \                                 In  segment DATA16_Z, align 1, align-sorted
   \   000000                REQUIRE ?cstart_init_zero
     27          char chosen_direction;
   \                     chosen_direction:
   \   000000                DS8 1

   \                                 In  segment DATA16_Z, align 1, align-sorted
   \   000000                REQUIRE ?cstart_init_zero
     28          char change;
   \                     change:
   \   000000                DS8 1

   \                                 In  segment DATA16_Z, align 2, align-sorted
   \   000000                REQUIRE ?cstart_init_zero
     29          unsigned int Last_Time_Sequence;
   \                     Last_Time_Sequence:
   \   000000                DS8 2

   \                                 In  segment DATA16_Z, align 2, align-sorted
   \   000000                REQUIRE ?cstart_init_zero
     30          unsigned int cycle_time;
   \                     cycle_time:
   \   000000                DS8 2

   \                                 In  segment DATA16_Z, align 2, align-sorted
   \   000000                REQUIRE ?cstart_init_zero
     31          unsigned int time_change;
   \                     time_change:
   \   000000                DS8 2

   \                                 In  segment DATA16_Z, align 2, align-sorted
   \   000000                REQUIRE ?cstart_init_zero
     32          unsigned int time_change2;
   \                     time_change2:
   \   000000                DS8 2

   \                                 In  segment DATA16_Z, align 1, align-sorted
   \   000000                REQUIRE ?cstart_init_zero
     33          unsigned char event;
   \                     event:
   \   000000                DS8 1

   \                                 In  segment DATA16_Z, align 1, align-sorted
   \   000000                REQUIRE ?cstart_init_zero
     34          unsigned char state;
   \                     state:
   \   000000                DS8 1

   \                                 In  segment DATA16_Z, align 1, align-sorted
   \   000000                REQUIRE ?cstart_init_zero
     35          unsigned char shape;
   \                     shape:
   \   000000                DS8 1
     36          

   \                                 In  segment DATA16_Z, align 2, align-sorted
   \   000000                REQUIRE ?cstart_init_zero
     37          unsigned int switchONE;
   \                     switchONE:
   \   000000                DS8 2

   \                                 In  segment DATA16_Z, align 2, align-sorted
   \   000000                REQUIRE ?cstart_init_zero
     38          unsigned int switchTWO;
   \                     switchTWO:
   \   000000                DS8 2
     39          
     40          
     41          

   \                                 In  segment CODE, align 2
     42          void main(void){
   \                     main:
     43          //------------------------------------------------------------------------------
     44          // Main Program
     45          // This is the main routine for the program. Execution of code starts here.
     46          // The operating system is Back Ground Fore Ground.
     47          //
     48          //------------------------------------------------------------------------------
     49          // Disable the GPIO power-on default high-impedance mode to activate
     50          // previously configured port settings
     51            PM5CTL0 &= ~LOCKLPM5;
   \   000000   92C33001     BIC.W   #0x1, &0x130
     52            
     53            Init_Ports();                        // Initialize Ports
   \   000004   ........     CALLA   #Init_Ports
     54            Init_Clocks();                       // Initialize Clock System
   \   000008   ........     CALLA   #Init_Clocks
     55            Init_Conditions();                   // Initialize Variables and Initial Conditions
   \   00000C   ........     CALLA   #Init_Conditions
     56            Init_Timers();                       // Initialize Timers
   \   000010   ........     CALLA   #Init_Timers
     57            Init_LCD();                          // Initialize LCD
   \   000014   ........     CALLA   #Init_LCD
     58            Init_ADC();
   \   000018   ........     CALLA   #Init_ADC
     59          // Place the contents of what you want on the display, in between the quotes
     60          // Limited to 10 characters per line
     61          //
     62          
     63            strcpy(display_line[FIRST_LINE], "   NCSU   ");
   \   00001C   3D40....     MOV.W   #`?<Constant "   NCSU   ">`, R13
   \   000020   3C40....     MOV.W   #display_line, R12
   \   000024   ........     CALLA   #strcpy
     64            //update_string(display_line[FIRST_LINE], FIRST_LINE);
     65            strcpy(display_line[SECOND_LINE], " WOLFPACK ");
   \   000028   3D40....     MOV.W   #`?<Constant " WOLFPACK ">`, R13
   \   00002C   3C40....     MOV.W   #display_line + 11, R12
   \   000030   ........     CALLA   #strcpy
     66            //update_string(display_line[SECOND_LINE], SECOND_LINE);
     67            strcpy(display_line[THIRD_LINE], "  ECE306  ");
   \   000034   3D40....     MOV.W   #`?<Constant "  ECE306  ">`, R13
   \   000038   3C40....     MOV.W   #display_line + 22, R12
   \   00003C   ........     CALLA   #strcpy
     68            display_changed = HIGH;
   \   000040   D243....     MOV.B   #0x1, &display_changed
     69            //update_string(display_line[FOURTH_LINE], FOURTH_LINE);
     70          
     71            Display_Update(FOURTH_LINE,SECOND_LINE,FIRST_LINE,FIRST_LINE);
   \   000044   4F43         MOV.B   #0x0, R15
   \   000046   4E43         MOV.B   #0x0, R14
   \   000048   5D43         MOV.B   #0x1, R13
   \   00004A   7C400300     MOV.B   #0x3, R12
   \   00004E   ........     CALLA   #Display_Update
     72          
     73          //------------------------------------------------------------------------------
     74          // Begining of the "While" Operating System
     75          //------------------------------------------------------------------------------
     76            while(ALWAYS) {                      // Can the Operating system run
     77              switch(Time_Sequence){
   \                     ??main_0:
   \   000052   1F42....     MOV.W   &Time_Sequence, R15
   \   000056   3F800500     SUB.W   #0x5, R15
   \   00005A   3124         JEQ     ??main_8
   \   00005C   3F800500     SUB.W   #0x5, R15
   \   000060   2524         JEQ     ??main_9
   \   000062   3F800500     SUB.W   #0x5, R15
   \   000066   1724         JEQ     ??main_10
   \   000068   3F800500     SUB.W   #0x5, R15
   \   00006C   0B24         JEQ     ??main_11
   \   00006E   3F800500     SUB.W   #0x5, R15
   \   000072   2F20         JNE     ??main_7
     78                case S1250:                        //
     79                  if(one_time){
   \   000074   C293....     CMP.B   #0x0, &one_time
   \   000078   2C24         JEQ     ??main_7
     80                    Init_LEDs();
   \   00007A   ........     CALLA   #Init_LEDs
     81                    //lcd_BIG_mid();
     82                    //strcpy(display_line[THIRD_LINE], " STRAIGHT  ");
     83                    //display_changed = HIGH;
     84                    one_time = RESET_STATE;
   \   00007E   C243....     MOV.B   #0x0, &one_time
     85                  }
     86                  //Time_Sequence = RESET_STATE;             //
     87                  break;
   \   000082   273C         JMP     ??main_7
     88                case S1000:                        //
     89                  if(one_time){
   \                     ??main_11:
   \   000084   C293....     CMP.B   #0x0, &one_time
   \   000088   2424         JEQ     ??main_7
     90                    GREEN_LED_ON;            // Change State of LED 5
   \   00008A   F2D040004302 BIS.B   #0x40, &0x243
     91                    one_time = RESET_STATE;
   \   000090   C243....     MOV.B   #0x0, &one_time
     92                  }
     93                  break;
   \   000094   1E3C         JMP     ??main_7
     94                case S750:                         //
     95                  if(one_time){
   \                     ??main_10:
   \   000096   C293....     CMP.B   #0x0, &one_time
   \   00009A   1B24         JEQ     ??main_7
     96                    RED_LED_ON;            // Change State of LED 4
   \   00009C   D2D30202     BIS.B   #0x1, &0x202
     97                    GREEN_LED_OFF;           // Change State of LED 5
   \   0000A0   F2C040004302 BIC.B   #0x40, &0x243
     98                    one_time = RESET_STATE;
   \   0000A6   C243....     MOV.B   #0x0, &one_time
     99                  }
    100                  break;
   \   0000AA   133C         JMP     ??main_7
    101                case S500:                         //
    102                  if(one_time){
   \                     ??main_9:
   \   0000AC   C293....     CMP.B   #0x0, &one_time
   \   0000B0   1024         JEQ     ??main_7
    103                    //lcd_4line();
    104                    GREEN_LED_ON;            // Change State of LED 5
   \   0000B2   F2D040004302 BIS.B   #0x40, &0x243
    105                    //display_changed = HIGH;
    106                    one_time = LOW;
   \   0000B8   C243....     MOV.B   #0x0, &one_time
    107                  }
    108                  break;
   \   0000BC   0A3C         JMP     ??main_7
    109                case  S250:                        //
    110                  if(one_time){
   \                     ??main_8:
   \   0000BE   C293....     CMP.B   #0x0, &one_time
   \   0000C2   0724         JEQ     ??main_7
    111                    RED_LED_OFF;           // Change State of LED 4
   \   0000C4   D2C30202     BIC.B   #0x1, &0x202
    112                    GREEN_LED_OFF;           // Change State of LED 5
   \   0000C8   F2C040004302 BIC.B   #0x40, &0x243
    113                    one_time = RESET_STATE;
   \   0000CE   C243....     MOV.B   #0x0, &one_time
    114                  }
    115                  break;                         
    116                default: break;
    117              }
    118              
    119              if (Last_Time_Sequence != Time_Sequence){
   \                     ??main_7:
   \   0000D2   9292........ CMP.W   &Time_Sequence, &Last_Time_Sequence
   \   0000D8   0924         JEQ     ??main_12
    120                Last_Time_Sequence = Time_Sequence;
   \   0000DA   9242........ MOV.W   &Time_Sequence, &Last_Time_Sequence
    121                cycle_time++;
   \   0000E0   9253....     ADD.W   #0x1, &cycle_time
    122                time_change = HIGH;
   \   0000E4   9243....     MOV.W   #0x1, &time_change
    123                time_change2 = HIGH;
   \   0000E8   9243....     MOV.W   #0x1, &time_change2
    124              } 
    125              
    126              if(switchONE){
   \                     ??main_12:
   \   0000EC   8293....     CMP.W   #0x0, &switchONE
   \   0000F0   0C24         JEQ     ??main_13
    127                  switchONE = LOW;
   \   0000F2   8243....     MOV.W   #0x0, &switchONE
    128                  strcpy(display_line[THIRD_LINE], " SWITCH 1  ");
   \   0000F6   3D40....     MOV.W   #`?<Constant " SWITCH 1  ">`, R13
   \   0000FA   3C40....     MOV.W   #display_line + 22, R12
   \   0000FE   ........     CALLA   #strcpy
    129                  display_changed = HIGH;
   \   000102   D243....     MOV.B   #0x1, &display_changed
    130                  Begin_ADC();
   \   000106   ........     CALLA   #Begin_ADC
    131              }
    132              if(switchTWO){
   \                     ??main_13:
   \   00010A   8293....     CMP.W   #0x0, &switchTWO
   \   00010E   0F24         JEQ     ??main_14
    133                  switchTWO = LOW;
   \   000110   8243....     MOV.W   #0x0, &switchTWO
    134                  strcpy(display_line[THIRD_LINE], " SWITCH 2  ");
   \   000114   3D40....     MOV.W   #`?<Constant " SWITCH 2  ">`, R13
   \   000118   3C40....     MOV.W   #display_line + 22, R12
   \   00011C   ........     CALLA   #strcpy
    135                  display_changed = HIGH;
   \   000120   D243....     MOV.B   #0x1, &display_changed
    136                  P5OUT &= ~IR_LED;
   \   000124   F2C010004202 BIC.B   #0x10, &0x242
    137                  End_ADC();
   \   00012A   ........     CALLA   #End_ADC
    138              }
    139              
    140              
    141              
    142          
    143              
    144          
    145              Line_Detect();
   \                     ??main_14:
   \   00012E   ........     CALLA   #Line_Detect
    146          //    Switches_Process();                // Check for switch state change
    147              Display_Process();
   \   000132   ........     CALLA   #Display_Process
   \   000136   8D3F         JMP     ??main_0
   \   000138   0343         NOP
   \   00013A                REQUIRE _A_PM5CTL0_L
   \   00013A                REQUIRE _A_PCOUT_L
   \   00013A                REQUIRE _A_PAOUT_L
    148          //  paths();
    149          //  Wheels();
    150          
    151            }
    152          //------------------------------------------------------------------------------
    153          }

   \                                 In  segment DATA16_C, align 1, align-sorted
   \                     `?<Constant "   NCSU   ">`:
   \   000000   2020204E4353 DC8 "   NCSU   "
   \            5520202000  

   \                                 In  segment DATA16_C, align 1, align-sorted
   \                     `?<Constant " WOLFPACK ">`:
   \   000000   20574F4C4650 DC8 " WOLFPACK "
   \            41434B2000  

   \                                 In  segment DATA16_C, align 1, align-sorted
   \                     `?<Constant "  ECE306  ">`:
   \   000000   202045434533 DC8 "  ECE306  "
   \            3036202000  

   \                                 In  segment DATA16_C, align 1, align-sorted
   \                     `?<Constant " SWITCH 1  ">`:
   \   000000   205357495443 DC8 " SWITCH 1  "
   \            482031202000

   \                                 In  segment DATA16_C, align 1, align-sorted
   \                     `?<Constant " SWITCH 2  ">`:
   \   000000   205357495443 DC8 " SWITCH 2  "
   \            482032202000
    154          
    155          
    156          
    157          
    158          

   Maximum stack usage in bytes:

   CSTACK Function
   ------ --------
      4   main
        4   -> Begin_ADC
        4   -> Display_Process
        4   -> Display_Update
        4   -> End_ADC
        4   -> Init_ADC
        4   -> Init_Clocks
        4   -> Init_Conditions
        4   -> Init_LCD
        4   -> Init_LEDs
        4   -> Init_Ports
        4   -> Init_Timers
        4   -> Line_Detect
        4   -> strcpy


   Segment part sizes:

   Bytes  Function/Label
   -----  --------------
      11  ?<Constant "   NCSU   ">
      11  ?<Constant "  ECE306  ">
      12  ?<Constant " SWITCH 1  ">
      12  ?<Constant " SWITCH 2  ">
      11  ?<Constant " WOLFPACK ">
       2  Last_Time_Sequence
       2  _A_PAOUT_L
       2  _A_PCOUT_L
       2  _A_PM5CTL0_L
       1  change
       1  chosen_direction
       2  cycle_time
       1  display_mode
       1  event
     314  main
       1  shape
       1  slow_input_down
       1  state
       2  switchONE
       2  switchTWO
       2  test_value
       2  time_change
       2  time_change2

 
 314 bytes in segment CODE
   6 bytes in segment DATA16_AN
  57 bytes in segment DATA16_C
  21 bytes in segment DATA16_Z
 
 314 bytes of CODE  memory
  57 bytes of CONST memory
  21 bytes of DATA  memory (+ 6 bytes shared)

Errors: none
Warnings: none
