###############################################################################
#
# IAR C/C++ Compiler V7.12.1.987/W32 for MSP430           19/Mar/2019  14:22:01
# Copyright 1996-2018 IAR Systems AB.
# PC-locked license - IAR Embedded Workbench for Texas Instruments MSP430, 8K KickStart Edition 7.12
#
#    __rt_version  =  3
#    __double_size =  32
#    __reg_r4      =  free
#    __reg_r5      =  free
#    __pic         =  no
#    __core        =  430X
#    __data_model  =  small
#    __code_model  =  large
#    Source file   =  
#        C:\Users\Michael\Documents\2019\ECE 306\ECE-306_code\Project
#        07\wheels.c
#    Command line  =  
#        -f C:\Users\Michael\AppData\Local\Temp\EWB708.tmp
#        ("C:\Users\Michael\Documents\2019\ECE 306\ECE-306_code\Project
#        07\wheels.c" -lC "C:\Users\Michael\Documents\2019\ECE
#        306\ECE-306_code\Project 07\Debug\List" -o
#        "C:\Users\Michael\Documents\2019\ECE 306\ECE-306_code\Project
#        07\Debug\Obj" --no_cse --no_unroll --no_inline --no_code_motion
#        --no_tbaa --debug -D__MSP430FR2355__ -e --double=32 --dlib_config
#        "C:\Program Files (x86)\IAR Systems\Embedded Workbench
#        8.0\430\lib\dlib\dl430xlsfn.h" -I ./\ --core=430X --data_model=small
#        -On --multiplier=32 --hw_workaround=CPU40 --code_model=large)
#    Locale        =  English_USA.1252
#    List file     =  
#        C:\Users\Michael\Documents\2019\ECE 306\ECE-306_code\Project
#        07\Debug\List\wheels.lst
#    Object file   =  
#        C:\Users\Michael\Documents\2019\ECE 306\ECE-306_code\Project
#        07\Debug\Obj\wheels.r43
#
###############################################################################

C:\Users\Michael\Documents\2019\ECE 306\ECE-306_code\Project 07\wheels.c
      1          //------------------------------------------------------------------------------
      2          //
      3          //  Michael Barilla
      4          //  Feb 2019
      5          //  Built with IAR Embedded Workbench Version: V4.10A/W32 (7.11.2)
      6          //
      7          //   Description: This file contains the functions used to run the wheels using 
      8          //      pulse width modulation
      9          //
     10          //------------------------------------------------------------------------------
     11          #include  "msp430.h"
     12          #include  "macros.h"
     13          #include  "functions.h"
     14          
     15          void Forward(){
     16            Reverse_Off();
     17            RIGHT_FORWARD_SPEED = TOTAL;
                                         ^
Error[Pe020]: identifier "TOTAL" is undefined
     18            LEFT_FORWARD_SPEED = TOTAL;
     19          }
     20          
     21          void Forward_Off(){
     22            RIGHT_FORWARD_SPEED = WHEEL_OFF;
     23            LEFT_FORWARD_SPEED = WHEEL_OFF;
     24          }
     25          
     26          void Reverse_Off(){
     27            RIGHT_REVERSE_SPEED = WHEEL_OFF;
     28            LEFT_REVERSE_SPEED = WHEEL_OFF;
     29          }
     30          
     31          void Reverse(){
     32            Forward_Off();
     33            RIGHT_REVERSE_SPEED = TOTAL;
                                         ^
Error[Pe020]: identifier "TOTAL" is undefined
     34            LEFT_REVERSE_SPEED = TOTAL;
     35          }
     36          
     37          void All_Wheel_Off(){
     38            Forward_Off();
     39            Reverse_Off();
     40          }
     41          
     42          void CW_Turn(){
     43            All_Wheel_Off();
     44            RIGHT_REVERSE_SPEED = TOTAL;
                                         ^
Error[Pe020]: identifier "TOTAL" is undefined
     45            LEFT_FORWARD_SPEED = TOTAL;  
     46          }
     47          
     48          void CCW_Turn(){
     49            All_Wheel_Off();
     50            LEFT_REVERSE_SPEED = TOTAL;
                                        ^
Error[Pe020]: identifier "TOTAL" is undefined
     51            RIGHT_FORWARD_SPEED = TOTAL;
     52          }

Errors: 4
Warnings: none
